Name: Ella Olsen
	Destination: Germany
	ID: 1
	Bagage ID: 1
	Bagage Weight: 15
Name: Oliver Nielsen
	Destination: Germany
	ID: 2
	Bagage ID: 2
	Bagage Weight: 9
Name: Arthur Jensen
	Destination: Germany
	ID: 3
	Bagage ID: 3
	Bagage Weight: 6
Name: Alfred Knudsen
	Destination: Egypt
	ID: 4
	Bagage ID: 4
	Bagage Weight: 2
Name: Alma Larsen
	Destination: Germany
	ID: 5
	Bagage ID: 5
	Bagage Weight: 9
Name: William Jensen
	Destination: Egypt
	ID: 6
	Bagage ID: 6
	Bagage Weight: 10
Name: August Kristensen
	Destination: Egypt
	ID: 7
	Bagage ID: 7
	Bagage Weight: 15
Name: Olivia Poulsen
	Destination: Germany
	ID: 8
	Bagage ID: 8
	Bagage Weight: 7
Name: William Knudsen
	Destination: USA
	ID: 9
	Bagage ID: 9
	Bagage Weight: 11
Name: August Larsen
	Destination: Russia
	ID: 10
	Bagage ID: 10
	Bagage Weight: 14
Name: William Schmidt
	Destination: England
	ID: 11
	Bagage ID: 11
	Bagage Weight: 10
Name: Clara Hansen
	Destination: Egypt
	ID: 12
	Bagage ID: 12
	Bagage Weight: 4
Name: Agnes Andersen
	Destination: England
	ID: 13
	Bagage ID: 13
	Bagage Weight: 13
Name: Freja Petersen
	Destination: England
	ID: 14
	Bagage ID: 14
	Bagage Weight: 9
Name: Oscar Nielsen
	Destination: Germany
	ID: 15
	Bagage ID: 15
	Bagage Weight: 12
Name: Ella Jensen
	Destination: Russia
	ID: 16
	Bagage ID: 16
	Bagage Weight: 12
Name: Agnes Madsen
	Destination: Russia
	ID: 17
	Bagage ID: 17
	Bagage Weight: 13
Name: Ella Rokkjaer
	Destination: Egypt
	ID: 18
	Bagage ID: 18
	Bagage Weight: 2
Name: Oliver Kronvang
	Destination: USA
	ID: 19
	Bagage ID: 19
	Bagage Weight: 2
Name: Oliver Kristensen
	Destination: England
	ID: 20
	Bagage ID: 20
	Bagage Weight: 10
Name: Alfred Knudsen
	Destination: Russia
	ID: 21
	Bagage ID: 21
	Bagage Weight: 8
Name: August Johansen
	Destination: England
	ID: 22
	Bagage ID: 22
	Bagage Weight: 7
Name: August Hansen
	Destination: Egypt
	ID: 23
	Bagage ID: 23
	Bagage Weight: 8
Name: Freja Rokkjaer
	Destination: USA
	ID: 24
	Bagage ID: 24
	Bagage Weight: 14
Name: Clara Hansen
	Destination: Germany
	ID: 25
	Bagage ID: 25
	Bagage Weight: 3
Name: Freja Madsen
	Destination: Germany
	ID: 26
	Bagage ID: 26
	Bagage Weight: 5
Name: Clara Olsen
	Destination: USA
	ID: 27
	Bagage ID: 27
	Bagage Weight: 7
Name: Agnes Kristensen
	Destination: Egypt
	ID: 28
	Bagage ID: 28
	Bagage Weight: 9
Name: Noah Madsen
	Destination: England
	ID: 29
	Bagage ID: 29
	Bagage Weight: 5
Name: Arthur Pedersen
	Destination: Egypt
	ID: 30
	Bagage ID: 30
	Bagage Weight: 3
Name: Oliver Knudsen
	Destination: Egypt
	ID: 31
	Bagage ID: 31
	Bagage Weight: 13
Name: Karla Thomsen
	Destination: England
	ID: 32
	Bagage ID: 32
	Bagage Weight: 15
Name: Alma Gade
	Destination: Germany
	ID: 33
	Bagage ID: 33
	Bagage Weight: 11
Name: Alfred Schmidt
	Destination: Russia
	ID: 34
	Bagage ID: 34
	Bagage Weight: 11
Name: Clara Christensen
	Destination: Egypt
	ID: 35
	Bagage ID: 35
	Bagage Weight: 8
Name: Oscar Jensen
	Destination: Germany
	ID: 36
	Bagage ID: 36
	Bagage Weight: 12
Name: Oscar Rokkjaer
	Destination: Egypt
	ID: 37
	Bagage ID: 37
	Bagage Weight: 13
Name: Alfred Madsen
	Destination: USA
	ID: 38
	Bagage ID: 38
	Bagage Weight: 9
Name: Emma Petersen
	Destination: Egypt
	ID: 39
	Bagage ID: 39
	Bagage Weight: 3
Name: Oliver Kronvang
	Destination: USA
	ID: 40
	Bagage ID: 40
	Bagage Weight: 4
Name: Noah Madsen
	Destination: Egypt
	ID: 41
	Bagage ID: 41
	Bagage Weight: 14
Name: Anna Schmidt
	Destination: Russia
	ID: 42
	Bagage ID: 42
	Bagage Weight: 1
Name: Arthur Pedersen
	Destination: Russia
	ID: 43
	Bagage ID: 43
	Bagage Weight: 9
Name: Alfred Hansen
	Destination: Germany
	ID: 44
	Bagage ID: 44
	Bagage Weight: 15
Name: Oscar Pedersen
	Destination: Egypt
	ID: 45
	Bagage ID: 45
	Bagage Weight: 8
Name: Emma Pedersen
	Destination: Russia
	ID: 46
	Bagage ID: 46
	Bagage Weight: 13
Name: Agnes Thomsen
	Destination: Egypt
	ID: 47
	Bagage ID: 47
	Bagage Weight: 1
Name: Freja Johansen
	Destination: Russia
	ID: 48
	Bagage ID: 48
	Bagage Weight: 4
Name: Olivia Petersen
	Destination: Germany
	ID: 49
	Bagage ID: 49
	Bagage Weight: 14
Name: Sofia Madsen
	Destination: USA
	ID: 50
	Bagage ID: 50
	Bagage Weight: 3
Name: Olivia Poulsen
	Destination: USA
	ID: 51
	Bagage ID: 51
	Bagage Weight: 3
Name: Karl Gade
	Destination: Egypt
	ID: 52
	Bagage ID: 52
	Bagage Weight: 13
Name: Anna Larsen
	Destination: England
	ID: 53
	Bagage ID: 53
	Bagage Weight: 8
Name: Oliver Nielsen
	Destination: Russia
	ID: 54
	Bagage ID: 54
	Bagage Weight: 13
Name: Clara Johansen
	Destination: Russia
	ID: 55
	Bagage ID: 55
	Bagage Weight: 15
Name: Karl Larsen
	Destination: Germany
	ID: 56
	Bagage ID: 56
	Bagage Weight: 9
Name: Alma Johansen
	Destination: Germany
	ID: 57
	Bagage ID: 57
	Bagage Weight: 7
Name: William Rokkjaer
	Destination: Russia
	ID: 58
	Bagage ID: 58
	Bagage Weight: 2
Name: Karl Kristensen
	Destination: USA
	ID: 59
	Bagage ID: 59
	Bagage Weight: 1
Name: Malthe Petersen
	Destination: England
	ID: 60
	Bagage ID: 60
	Bagage Weight: 5
Name: Alfred Jensen
	Destination: England
	ID: 61
	Bagage ID: 61
	Bagage Weight: 5
Name: Agnes Gade
	Destination: Russia
	ID: 62
	Bagage ID: 62
	Bagage Weight: 13
Name: Noah Madsen
	Destination: USA
	ID: 63
	Bagage ID: 63
	Bagage Weight: 2
Name: Karl Rasmussen
	Destination: England
	ID: 64
	Bagage ID: 64
	Bagage Weight: 9
Name: Agnes Rasmussen
	Destination: USA
	ID: 65
	Bagage ID: 65
	Bagage Weight: 11
Name: Sofia Rokkjaer
	Destination: Germany
	ID: 66
	Bagage ID: 66
	Bagage Weight: 8
Name: Oscar Kristensen
	Destination: Russia
	ID: 67
	Bagage ID: 67
	Bagage Weight: 12
Name: Emma Andersen
	Destination: Germany
	ID: 68
	Bagage ID: 68
	Bagage Weight: 2
Name: Karla Pedersen
	Destination: USA
	ID: 69
	Bagage ID: 69
	Bagage Weight: 9
Name: Lucas Andersen
	Destination: Russia
	ID: 70
	Bagage ID: 70
	Bagage Weight: 11
Name: August Petersen
	Destination: USA
	ID: 71
	Bagage ID: 71
	Bagage Weight: 13
Name: Lucas Andersen
	Destination: Germany
	ID: 72
	Bagage ID: 72
	Bagage Weight: 11
Name: Olivia Hansen
	Destination: England
	ID: 73
	Bagage ID: 73
	Bagage Weight: 2
Name: Lucas Andersen
	Destination: Germany
	ID: 74
	Bagage ID: 74
	Bagage Weight: 6
Name: Karl Gade
	Destination: Russia
	ID: 75
	Bagage ID: 75
	Bagage Weight: 15
Name: William Larsen
	Destination: Egypt
	ID: 76
	Bagage ID: 76
	Bagage Weight: 1
Name: Olivia Rasmussen
	Destination: England
	ID: 77
	Bagage ID: 77
	Bagage Weight: 15
Name: William Knudsen
	Destination: Egypt
	ID: 78
	Bagage ID: 78
	Bagage Weight: 2
Name: William Jensen
	Destination: USA
	ID: 79
	Bagage ID: 79
	Bagage Weight: 10
Name: Oliver Larsen
	Destination: Egypt
	ID: 80
	Bagage ID: 80
	Bagage Weight: 7
Name: Sofia Andersen
	Destination: Russia
	ID: 81
	Bagage ID: 81
	Bagage Weight: 4
Name: Lucas Gade
	Destination: Russia
	ID: 82
	Bagage ID: 82
	Bagage Weight: 5
Name: Olivia Madsen
	Destination: England
	ID: 83
	Bagage ID: 83
	Bagage Weight: 10
Name: Sofia Kristensen
	Destination: Egypt
	ID: 84
	Bagage ID: 84
	Bagage Weight: 9
Name: Oscar Andersen
	Destination: Germany
	ID: 85
	Bagage ID: 85
	Bagage Weight: 12
Name: Emma Johansen
	Destination: USA
	ID: 86
	Bagage ID: 86
	Bagage Weight: 12
Name: William Kristensen
	Destination: Russia
	ID: 87
	Bagage ID: 87
	Bagage Weight: 10
Name: Lucas Larsen
	Destination: Russia
	ID: 88
	Bagage ID: 88
	Bagage Weight: 6
Name: Noah Gade
	Destination: Egypt
	ID: 89
	Bagage ID: 89
	Bagage Weight: 14
Name: Olivia Madsen
	Destination: Egypt
	ID: 90
	Bagage ID: 90
	Bagage Weight: 11
Name: Sofia Schmidt
	Destination: Germany
	ID: 91
	Bagage ID: 91
	Bagage Weight: 14
Name: Agnes Petersen
	Destination: USA
	ID: 92
	Bagage ID: 92
	Bagage Weight: 10
Name: Oscar Olsen
	Destination: Egypt
	ID: 93
	Bagage ID: 93
	Bagage Weight: 14
Name: Alfred Thomsen
	Destination: Egypt
	ID: 94
	Bagage ID: 94
	Bagage Weight: 8
Name: August Nielsen
	Destination: Egypt
	ID: 95
	Bagage ID: 95
	Bagage Weight: 4
Name: Karl Poulsen
	Destination: Germany
	ID: 96
	Bagage ID: 96
	Bagage Weight: 11
Name: Olivia Gade
	Destination: Egypt
	ID: 97
	Bagage ID: 97
	Bagage Weight: 12
Name: Arthur Schmidt
	Destination: Egypt
	ID: 98
	Bagage ID: 98
	Bagage Weight: 7
Name: Alfred Nielsen
	Destination: USA
	ID: 99
	Bagage ID: 99
	Bagage Weight: 12
Name: Lucas Kristensen
	Destination: England
	ID: 100
	Bagage ID: 100
	Bagage Weight: 2
Name: Emma Rasmussen
	Destination: USA
	ID: 101
	Bagage ID: 101
	Bagage Weight: 9
Name: Alma Olsen
	Destination: Egypt
	ID: 102
	Bagage ID: 102
	Bagage Weight: 3
Name: Oscar Gade
	Destination: Egypt
	ID: 103
	Bagage ID: 103
	Bagage Weight: 8
Name: Clara Kronvang
	Destination: Egypt
	ID: 104
	Bagage ID: 104
	Bagage Weight: 2
Name: August Kristensen
	Destination: Germany
	ID: 105
	Bagage ID: 105
	Bagage Weight: 11
Name: Freja Knudsen
	Destination: Russia
	ID: 106
	Bagage ID: 106
	Bagage Weight: 2
Name: Clara Knudsen
	Destination: Egypt
	ID: 107
	Bagage ID: 107
	Bagage Weight: 11
Name: Ella Madsen
	Destination: England
	ID: 108
	Bagage ID: 108
	Bagage Weight: 2
Name: Karl Gade
	Destination: Egypt
	ID: 109
	Bagage ID: 109
	Bagage Weight: 1
Name: Anna Rasmussen
	Destination: Germany
	ID: 110
	Bagage ID: 110
	Bagage Weight: 13
Name: Agnes Johansen
	Destination: USA
	ID: 111
	Bagage ID: 111
	Bagage Weight: 7
Name: Ella Petersen
	Destination: England
	ID: 112
	Bagage ID: 112
	Bagage Weight: 5
Name: Lucas Rokkjaer
	Destination: USA
	ID: 113
	Bagage ID: 113
	Bagage Weight: 8
Name: Emma Kronvang
	Destination: Egypt
	ID: 114
	Bagage ID: 114
	Bagage Weight: 4
Name: Noah Hansen
	Destination: Russia
	ID: 115
	Bagage ID: 115
	Bagage Weight: 6
Name: August Jensen
	Destination: England
	ID: 116
	Bagage ID: 116
	Bagage Weight: 2
Name: Clara Christensen
	Destination: Germany
	ID: 117
	Bagage ID: 117
	Bagage Weight: 13
Name: Alfred Olsen
	Destination: Egypt
	ID: 118
	Bagage ID: 118
	Bagage Weight: 6
Name: Alma Kronvang
	Destination: Russia
	ID: 119
	Bagage ID: 119
	Bagage Weight: 1
Name: Karl Nielsen
	Destination: Russia
	ID: 120
	Bagage ID: 120
	Bagage Weight: 5
Name: Noah Nielsen
	Destination: Egypt
	ID: 121
	Bagage ID: 121
	Bagage Weight: 4
Name: Agnes Poulsen
	Destination: USA
	ID: 122
	Bagage ID: 122
	Bagage Weight: 3
Name: William Olsen
	Destination: Germany
	ID: 123
	Bagage ID: 123
	Bagage Weight: 6
Name: Oscar Petersen
	Destination: Egypt
	ID: 124
	Bagage ID: 124
	Bagage Weight: 6
Name: Malthe Johansen
	Destination: USA
	ID: 125
	Bagage ID: 125
	Bagage Weight: 1
Name: Ella Olsen
	Destination: England
	ID: 126
	Bagage ID: 126
	Bagage Weight: 1
Name: Lucas Madsen
	Destination: Egypt
	ID: 127
	Bagage ID: 127
	Bagage Weight: 5
Name: Alfred Nielsen
	Destination: Russia
	ID: 128
	Bagage ID: 128
	Bagage Weight: 6
Name: Noah Andersen
	Destination: Egypt
	ID: 129
	Bagage ID: 129
	Bagage Weight: 6
Name: Clara Olsen
	Destination: Russia
	ID: 130
	Bagage ID: 130
	Bagage Weight: 8
Name: August Thomsen
	Destination: Russia
	ID: 131
	Bagage ID: 131
	Bagage Weight: 3
Name: Oscar Hansen
	Destination: England
	ID: 132
	Bagage ID: 132
	Bagage Weight: 4
Name: William Thomsen
	Destination: Egypt
	ID: 133
	Bagage ID: 133
	Bagage Weight: 11
Name: William Kronvang
	Destination: Germany
	ID: 134
	Bagage ID: 134
	Bagage Weight: 7
Name: Arthur Christensen
	Destination: Germany
	ID: 135
	Bagage ID: 135
	Bagage Weight: 7
Name: Alfred Petersen
	Destination: Egypt
	ID: 136
	Bagage ID: 136
	Bagage Weight: 15
Name: Malthe Christensen
	Destination: England
	ID: 137
	Bagage ID: 137
	Bagage Weight: 1
Name: Karl Poulsen
	Destination: Russia
	ID: 138
	Bagage ID: 138
	Bagage Weight: 7
Name: Olivia Andersen
	Destination: England
	ID: 139
	Bagage ID: 139
	Bagage Weight: 2
Name: Alfred Nielsen
	Destination: Egypt
	ID: 140
	Bagage ID: 140
	Bagage Weight: 8
Name: William Johansen
	Destination: Germany
	ID: 141
	Bagage ID: 141
	Bagage Weight: 1
Name: Agnes Jensen
	Destination: Russia
	ID: 142
	Bagage ID: 142
	Bagage Weight: 9
Name: Karl Knudsen
	Destination: England
	ID: 143
	Bagage ID: 143
	Bagage Weight: 8
Name: Alma Christensen
	Destination: USA
	ID: 144
	Bagage ID: 144
	Bagage Weight: 12
Name: August Thomsen
	Destination: Egypt
	ID: 145
	Bagage ID: 145
	Bagage Weight: 12
Name: Oscar Andersen
	Destination: Germany
	ID: 146
	Bagage ID: 146
	Bagage Weight: 1
Name: Oliver Nielsen
	Destination: Germany
	ID: 147
	Bagage ID: 147
	Bagage Weight: 1
Name: Emma Jensen
	Destination: Germany
	ID: 148
	Bagage ID: 148
	Bagage Weight: 15
Name: Anna Kristensen
	Destination: USA
	ID: 149
	Bagage ID: 149
	Bagage Weight: 4
Name: Freja Rasmussen
	Destination: Germany
	ID: 150
	Bagage ID: 150
	Bagage Weight: 1
Name: Malthe Rokkjaer
	Destination: USA
	ID: 151
	Bagage ID: 151
	Bagage Weight: 1
Name: Noah Jensen
	Destination: Germany
	ID: 152
	Bagage ID: 152
	Bagage Weight: 13
Name: August Olsen
	Destination: Russia
	ID: 153
	Bagage ID: 153
	Bagage Weight: 13
Name: Ella Kristensen
	Destination: Russia
	ID: 154
	Bagage ID: 154
	Bagage Weight: 8
Name: Karl Schmidt
	Destination: England
	ID: 155
	Bagage ID: 155
	Bagage Weight: 3
Name: Agnes Johansen
	Destination: England
	ID: 156
	Bagage ID: 156
	Bagage Weight: 8
Name: William Rasmussen
	Destination: England
	ID: 157
	Bagage ID: 157
	Bagage Weight: 10
Name: Alma Poulsen
	Destination: USA
	ID: 158
	Bagage ID: 158
	Bagage Weight: 2
Name: Noah Nielsen
	Destination: Russia
	ID: 159
	Bagage ID: 159
	Bagage Weight: 12
Name: Freja Rasmussen
	Destination: Egypt
	ID: 160
	Bagage ID: 160
	Bagage Weight: 14
Name: Clara Poulsen
	Destination: Germany
	ID: 161
	Bagage ID: 161
	Bagage Weight: 4
Name: Karla Madsen
	Destination: Egypt
	ID: 162
	Bagage ID: 162
	Bagage Weight: 3
Name: Ella Thomsen
	Destination: Russia
	ID: 163
	Bagage ID: 163
	Bagage Weight: 2
Name: Noah Poulsen
	Destination: Russia
	ID: 164
	Bagage ID: 164
	Bagage Weight: 11
Name: Oliver Knudsen
	Destination: Egypt
	ID: 165
	Bagage ID: 165
	Bagage Weight: 2
Name: Karl Madsen
	Destination: Egypt
	ID: 166
	Bagage ID: 166
	Bagage Weight: 15
Name: Alma Petersen
	Destination: Egypt
	ID: 167
	Bagage ID: 167
	Bagage Weight: 12
Name: Sofia Schmidt
	Destination: Egypt
	ID: 168
	Bagage ID: 168
	Bagage Weight: 11
Name: Agnes Larsen
	Destination: USA
	ID: 169
	Bagage ID: 169
	Bagage Weight: 10
Name: Freja Olsen
	Destination: Egypt
	ID: 170
	Bagage ID: 170
	Bagage Weight: 9
Name: Oliver Kristensen
	Destination: England
	ID: 171
	Bagage ID: 171
	Bagage Weight: 5
Name: Alfred Hansen
	Destination: Germany
	ID: 172
	Bagage ID: 172
	Bagage Weight: 12
Name: Karl Gade
	Destination: Russia
	ID: 173
	Bagage ID: 173
	Bagage Weight: 13
Name: Agnes Madsen
	Destination: USA
	ID: 174
	Bagage ID: 174
	Bagage Weight: 5
Name: Karla Rasmussen
	Destination: England
	ID: 175
	Bagage ID: 175
	Bagage Weight: 10
Name: Alfred Nielsen
	Destination: Germany
	ID: 176
	Bagage ID: 176
	Bagage Weight: 2
Name: Clara Rokkjaer
	Destination: England
	ID: 177
	Bagage ID: 177
	Bagage Weight: 14
Name: Alma Rokkjaer
	Destination: Russia
	ID: 178
	Bagage ID: 178
	Bagage Weight: 7
Name: Emma Kristensen
	Destination: Germany
	ID: 179
	Bagage ID: 179
	Bagage Weight: 12
Name: Malthe Olsen
	Destination: Egypt
	ID: 180
	Bagage ID: 180
	Bagage Weight: 14
Name: Karla Poulsen
	Destination: USA
	ID: 181
	Bagage ID: 181
	Bagage Weight: 10
Name: Emma Andersen
	Destination: Russia
	ID: 182
	Bagage ID: 182
	Bagage Weight: 12
Name: Karla Rokkjaer
	Destination: Egypt
	ID: 183
	Bagage ID: 183
	Bagage Weight: 10
Name: Lucas Madsen
	Destination: England
	ID: 184
	Bagage ID: 184
	Bagage Weight: 10
Name: Arthur Madsen
	Destination: USA
	ID: 185
	Bagage ID: 185
	Bagage Weight: 8
Name: Karl Olsen
	Destination: Russia
	ID: 186
	Bagage ID: 186
	Bagage Weight: 1
Name: Noah Larsen
	Destination: Egypt
	ID: 187
	Bagage ID: 187
	Bagage Weight: 8
Name: Emma Thomsen
	Destination: Egypt
	ID: 188
	Bagage ID: 188
	Bagage Weight: 6
Name: Alma Kronvang
	Destination: USA
	ID: 189
	Bagage ID: 189
	Bagage Weight: 1
Name: Alma Poulsen
	Destination: USA
	ID: 190
	Bagage ID: 190
	Bagage Weight: 13
Name: Ella Gade
	Destination: Russia
	ID: 191
	Bagage ID: 191
	Bagage Weight: 13
Name: Freja Johansen
	Destination: Germany
	ID: 192
	Bagage ID: 192
	Bagage Weight: 15
Name: Sofia Nielsen
	Destination: Germany
	ID: 193
	Bagage ID: 193
	Bagage Weight: 2
Name: Olivia Kristensen
	Destination: England
	ID: 194
	Bagage ID: 194
	Bagage Weight: 3
Name: Sofia Poulsen
	Destination: USA
	ID: 195
	Bagage ID: 195
	Bagage Weight: 2
Name: Anna Schmidt
	Destination: England
	ID: 196
	Bagage ID: 196
	Bagage Weight: 10
Name: Sofia Hansen
	Destination: Russia
	ID: 197
	Bagage ID: 197
	Bagage Weight: 6
Name: Olivia Kronvang
	Destination: USA
	ID: 198
	Bagage ID: 198
	Bagage Weight: 1
Name: Noah Rasmussen
	Destination: England
	ID: 199
	Bagage ID: 199
	Bagage Weight: 3
Name: Noah Schmidt
	Destination: Germany
	ID: 200
	Bagage ID: 200
	Bagage Weight: 3
